<?xml version="1.0" encoding="UTF-8"?>
<!-- Generated by org.testng.reporters.JUnitReportReporter -->
<testsuite hostname="DESKTOP-2L70A79" failures="0" tests="1" name="testScripts.AddCategoryTest" time="7.350" errors="0" timestamp="2024-01-31T13:57:53 IST" skipped="0">
  <testcase classname="testScripts.AddCategoryTest" name="addCategoryTest" time="7.350"/>
  <system-out/>
</testsuite> <!-- testScripts.AddCategoryTest -->
